[PREINITIALIZATION][CLIENT][INFO] Thank you to the Patreon supporters below and others who make CraftTweaker possible!
Jessie Sims
Peregrinus11
Jonathan McManus
NickT
Ivy_
Genryu
NerdyWhiteGuy
Belathus
Quaternary
embeddedt
Pongo Sapiens
Hooley
DreamThorn
Jellycraft
Ncc1702
Jordan Pineo
Spencer Gilbert
Lucas
Zuniroa
If you want to support the mod, checkout https://patreon.com/jaredlll08?s=crtmod

[PREINITIALIZATION][CLIENT][INFO] Current loaders after merging: [[preinit]]
[PREINITIALIZATION][CLIENT][INFO] Loading scripts for loader with names [preinit]
[PREINITIALIZATION][CLIENT][INFO] [preinit | SIDE_CLIENT]: Skipping file {[0:crafttweaker]: CraftTweaker_IceAndFire.zs} as we are currently loading with a different loader
[PREINITIALIZATION][CLIENT][INFO] [preinit | SIDE_CLIENT]: Skipping file {[0:crafttweaker]: ench_upgrading.zs} as we are currently loading with a different loader
[PREINITIALIZATION][CLIENT][INFO] [preinit | SIDE_CLIENT]: Skipping file {[0:crafttweaker]: LootTweaker_Champions.zs} as we are currently loading with a different loader
[PREINITIALIZATION][CLIENT][INFO] [preinit | SIDE_CLIENT]: Skipping file {[0:crafttweaker]: LootTweaker_FMB.zs} as we are currently loading with a different loader
[PREINITIALIZATION][CLIENT][INFO] [preinit | SIDE_CLIENT]: Skipping file {[0:crafttweaker]: LootTweaker_LostCities.zs} as we are currently loading with a different loader
[PREINITIALIZATION][CLIENT][INFO] [preinit | SIDE_CLIENT]: Skipping file {[0:crafttweaker]: LootTweaker_SAmulet.zs} as we are currently loading with a different loader
[PREINITIALIZATION][CLIENT][INFO] [preinit | SIDE_CLIENT]: Skipping file {[0:contenttweaker]: MusicDiscs.zs} as we are currently loading with a different loader
[PREINITIALIZATION][CLIENT][INFO] [preinit | SIDE_CLIENT]: Skipping file {[0:crafttweaker]: reskillable_client.zs} as we are currently loading with a different loader
[PREINITIALIZATION][CLIENT][INFO] [preinit | SIDE_CLIENT]: Skipping file {[0:crafttweaker]: reskillable_server.zs} as we are currently loading with a different loader
[PREINITIALIZATION][CLIENT][INFO] [preinit | SIDE_CLIENT]: Skipping file {[0:crafttweaker]: Shiv.zs} as we are currently loading with a different loader
[PREINITIALIZATION][CLIENT][INFO] [preinit | SIDE_CLIENT]: Skipping file {[0:crafttweaker]: Shiv2.zs} as we are currently loading with a different loader
[PREINITIALIZATION][CLIENT][INFO] [preinit | SIDE_CLIENT]: Skipping file {[0:contenttweaker]: why.zs} as we are currently loading with a different loader
[PREINITIALIZATION][CLIENT][INFO] Completed script loading in: 2ms
[PREINITIALIZATION][CLIENT][INFO] Current loaders after merging: [[preinit], [contenttweaker]]
[PREINITIALIZATION][CLIENT][INFO] Loading scripts for loader with names [contenttweaker]
[PREINITIALIZATION][CLIENT][INFO] [contenttweaker | SIDE_CLIENT]: Skipping file {[0:crafttweaker]: CraftTweaker_IceAndFire.zs} as we are currently loading with a different loader
[PREINITIALIZATION][CLIENT][INFO] [contenttweaker | SIDE_CLIENT]: Skipping file {[0:crafttweaker]: ench_upgrading.zs} as we are currently loading with a different loader
[PREINITIALIZATION][CLIENT][INFO] [contenttweaker | SIDE_CLIENT]: Skipping file {[0:crafttweaker]: LootTweaker_Champions.zs} as we are currently loading with a different loader
[PREINITIALIZATION][CLIENT][INFO] [contenttweaker | SIDE_CLIENT]: Skipping file {[0:crafttweaker]: LootTweaker_FMB.zs} as we are currently loading with a different loader
[PREINITIALIZATION][CLIENT][INFO] [contenttweaker | SIDE_CLIENT]: Skipping file {[0:crafttweaker]: LootTweaker_LostCities.zs} as we are currently loading with a different loader
[PREINITIALIZATION][CLIENT][INFO] [contenttweaker | SIDE_CLIENT]: Skipping file {[0:crafttweaker]: LootTweaker_SAmulet.zs} as we are currently loading with a different loader
[PREINITIALIZATION][CLIENT][INFO] [contenttweaker | SIDE_CLIENT]: Loading Script: {[0:contenttweaker]: MusicDiscs.zs}
[PREINITIALIZATION][CLIENT][INFO] [contenttweaker | SIDE_CLIENT]: Skipping file {[0:crafttweaker]: reskillable_client.zs} as we are currently loading with a different loader
[PREINITIALIZATION][CLIENT][INFO] [contenttweaker | SIDE_CLIENT]: Skipping file {[0:crafttweaker]: reskillable_server.zs} as we are currently loading with a different loader
[PREINITIALIZATION][CLIENT][INFO] [contenttweaker | SIDE_CLIENT]: Skipping file {[0:crafttweaker]: Shiv.zs} as we are currently loading with a different loader
[PREINITIALIZATION][CLIENT][INFO] [contenttweaker | SIDE_CLIENT]: Skipping file {[0:crafttweaker]: Shiv2.zs} as we are currently loading with a different loader
[PREINITIALIZATION][CLIENT][INFO] [contenttweaker | SIDE_CLIENT]: Loading Script: {[0:contenttweaker]: why.zs}
[PREINITIALIZATION][CLIENT][INFO] Completed script loading in: 187ms
[INITIALIZATION][CLIENT][INFO] CraftTweaker: Building registry
[INITIALIZATION][CLIENT][INFO] CraftTweaker: Successfully built item registry
[INITIALIZATION][CLIENT][INFO] Current loaders after merging: [[preinit], [contenttweaker], [recipeevent | crafttweaker]]
[INITIALIZATION][CLIENT][INFO] Loading scripts for loader with names [crafttweaker | recipeevent]
[INITIALIZATION][CLIENT][INFO] [crafttweaker | SIDE_CLIENT]: Loading Script: {[0:crafttweaker]: CraftTweaker_IceAndFire.zs}
[INITIALIZATION][CLIENT][INFO] [crafttweaker | SIDE_CLIENT]: Loading Script: {[0:crafttweaker]: ench_upgrading.zs}
[INITIALIZATION][CLIENT][INFO] [crafttweaker | SIDE_CLIENT]: Loading Script: {[0:crafttweaker]: LootTweaker_Champions.zs}
[INITIALIZATION][CLIENT][INFO] Queued pool tier#5 for addition to table champions:champion_loot
[INITIALIZATION][CLIENT][INFO] Queued item entry 'loottweaker#1' for addition to pool 'tier#5' of table 'champions:champion_loot'
[INITIALIZATION][CLIENT][INFO] [crafttweaker | SIDE_CLIENT]: Loading Script: {[0:crafttweaker]: LootTweaker_FMB.zs}
[INITIALIZATION][CLIENT][INFO] Queued all pools of table fishingmadebetter:fishing_combined for removal
[INITIALIZATION][CLIENT][INFO] Queued pool rlcraftfishing for addition to table fishingmadebetter:fishing_combined
[INITIALIZATION][CLIENT][INFO] Queued item entry 'treasure_1' for addition to pool 'rlcraftfishing' of table 'fishingmadebetter:fishing_combined'
[INITIALIZATION][CLIENT][INFO] Queued item entry 'treasure_2' for addition to pool 'rlcraftfishing' of table 'fishingmadebetter:fishing_combined'
[INITIALIZATION][CLIENT][INFO] Queued item entry 'treasure_3' for addition to pool 'rlcraftfishing' of table 'fishingmadebetter:fishing_combined'
[INITIALIZATION][CLIENT][INFO] Queued item entry 'treasure_4' for addition to pool 'rlcraftfishing' of table 'fishingmadebetter:fishing_combined'
[INITIALIZATION][CLIENT][INFO] Queued item entry 'treasure_5' for addition to pool 'rlcraftfishing' of table 'fishingmadebetter:fishing_combined'
[INITIALIZATION][CLIENT][INFO] Queued item entry 'treasure_6' for addition to pool 'rlcraftfishing' of table 'fishingmadebetter:fishing_combined'
[INITIALIZATION][CLIENT][INFO] Queued item entry 'treasure_7' for addition to pool 'rlcraftfishing' of table 'fishingmadebetter:fishing_combined'
[INITIALIZATION][CLIENT][INFO] Queued item entry 'treasure_8' for addition to pool 'rlcraftfishing' of table 'fishingmadebetter:fishing_combined'
[INITIALIZATION][CLIENT][INFO] Queued item entry 'treasure_9' for addition to pool 'rlcraftfishing' of table 'fishingmadebetter:fishing_combined'
[INITIALIZATION][CLIENT][INFO] Queued item entry 'treasure_10' for addition to pool 'rlcraftfishing' of table 'fishingmadebetter:fishing_combined'
[INITIALIZATION][CLIENT][INFO] Queued item entry 'junk_1' for addition to pool 'rlcraftfishing' of table 'fishingmadebetter:fishing_combined'
[INITIALIZATION][CLIENT][INFO] Queued item entry 'junk_2' for addition to pool 'rlcraftfishing' of table 'fishingmadebetter:fishing_combined'
[INITIALIZATION][CLIENT][INFO] Queued item entry 'junk_3' for addition to pool 'rlcraftfishing' of table 'fishingmadebetter:fishing_combined'
[INITIALIZATION][CLIENT][INFO] Queued item entry 'junk_4' for addition to pool 'rlcraftfishing' of table 'fishingmadebetter:fishing_combined'
[INITIALIZATION][CLIENT][INFO] Queued item entry 'junk_5' for addition to pool 'rlcraftfishing' of table 'fishingmadebetter:fishing_combined'
[INITIALIZATION][CLIENT][INFO] Queued item entry 'junk_6' for addition to pool 'rlcraftfishing' of table 'fishingmadebetter:fishing_combined'
[INITIALIZATION][CLIENT][INFO] Queued item entry 'junk_7' for addition to pool 'rlcraftfishing' of table 'fishingmadebetter:fishing_combined'
[INITIALIZATION][CLIENT][INFO] Queued item entry 'junk_8' for addition to pool 'rlcraftfishing' of table 'fishingmadebetter:fishing_combined'
[INITIALIZATION][CLIENT][INFO] Queued item entry 'junk_9' for addition to pool 'rlcraftfishing' of table 'fishingmadebetter:fishing_combined'
[INITIALIZATION][CLIENT][INFO] Queued item entry 'junk_10' for addition to pool 'rlcraftfishing' of table 'fishingmadebetter:fishing_combined'
[INITIALIZATION][CLIENT][INFO] Queued item entry 'junk_11' for addition to pool 'rlcraftfishing' of table 'fishingmadebetter:fishing_combined'
[INITIALIZATION][CLIENT][INFO] Queued item entry 'junk_12' for addition to pool 'rlcraftfishing' of table 'fishingmadebetter:fishing_combined'
[INITIALIZATION][CLIENT][INFO] Queued item entry 'junk_13' for addition to pool 'rlcraftfishing' of table 'fishingmadebetter:fishing_combined'
[INITIALIZATION][CLIENT][INFO] Queued item entry 'junk_14' for addition to pool 'rlcraftfishing' of table 'fishingmadebetter:fishing_combined'
[INITIALIZATION][CLIENT][INFO] Queued item entry 'junk_15' for addition to pool 'rlcraftfishing' of table 'fishingmadebetter:fishing_combined'
[INITIALIZATION][CLIENT][INFO] Queued item entry 'junk_16' for addition to pool 'rlcraftfishing' of table 'fishingmadebetter:fishing_combined'
[INITIALIZATION][CLIENT][INFO] Queued item entry 'junk_17' for addition to pool 'rlcraftfishing' of table 'fishingmadebetter:fishing_combined'
[INITIALIZATION][CLIENT][INFO] Queued item entry 'junk_18' for addition to pool 'rlcraftfishing' of table 'fishingmadebetter:fishing_combined'
[INITIALIZATION][CLIENT][INFO] Queued item entry 'junk_19' for addition to pool 'rlcraftfishing' of table 'fishingmadebetter:fishing_combined'
[INITIALIZATION][CLIENT][INFO] [crafttweaker | SIDE_CLIENT]: Loading Script: {[0:crafttweaker]: LootTweaker_LostCities.zs}
[INITIALIZATION][CLIENT][INFO] Created new table 'loottweaker:lostcityhighrise'
[INITIALIZATION][CLIENT][INFO] Created new table 'loottweaker:lostcityground'
[INITIALIZATION][CLIENT][INFO] Created new table 'loottweaker:lostcitybasement'
[INITIALIZATION][CLIENT][INFO] Created new table 'loottweaker:lostcitysubway'
[INITIALIZATION][CLIENT][INFO] Created new table 'loottweaker:lostcityrare'
[INITIALIZATION][CLIENT][INFO] Created new table 'loottweaker:lostcityuncommon'
[INITIALIZATION][CLIENT][INFO] Created new table 'loottweaker:lostcitycommon'
[INITIALIZATION][CLIENT][INFO] Created new table 'loottweaker:lowtable'
[INITIALIZATION][CLIENT][INFO] Created new table 'loottweaker:medtable'
[INITIALIZATION][CLIENT][INFO] Created new table 'loottweaker:hightable'
[INITIALIZATION][CLIENT][INFO] Created new table 'loottweaker:buildertable'
[INITIALIZATION][CLIENT][INFO] Queued pool highrise for addition to table loottweaker:lostcityhighrise
[INITIALIZATION][CLIENT][INFO] Queued pool ground for addition to table loottweaker:lostcityground
[INITIALIZATION][CLIENT][INFO] Queued pool basement for addition to table loottweaker:lostcitybasement
[INITIALIZATION][CLIENT][INFO] Queued pool subway for addition to table loottweaker:lostcitysubway
[INITIALIZATION][CLIENT][INFO] Queued pool rare for addition to table loottweaker:lostcityrare
[INITIALIZATION][CLIENT][INFO] Queued pool uncommon for addition to table loottweaker:lostcityuncommon
[INITIALIZATION][CLIENT][INFO] Queued pool common for addition to table loottweaker:lostcitycommon
[INITIALIZATION][CLIENT][INFO] Queued pool low for addition to table loottweaker:lowtable
[INITIALIZATION][CLIENT][INFO] Queued pool medium for addition to table loottweaker:medtable
[INITIALIZATION][CLIENT][INFO] Queued pool high for addition to table loottweaker:hightable
[INITIALIZATION][CLIENT][INFO] Queued pool builder for addition to table loottweaker:buildertable
[INITIALIZATION][CLIENT][INFO] Queued item entry '1' for addition to pool 'low' of table 'loottweaker:lowtable'
[INITIALIZATION][CLIENT][INFO] Queued item entry '2' for addition to pool 'low' of table 'loottweaker:lowtable'
[INITIALIZATION][CLIENT][INFO] Queued item entry '3' for addition to pool 'low' of table 'loottweaker:lowtable'
[INITIALIZATION][CLIENT][INFO] Queued item entry '4' for addition to pool 'low' of table 'loottweaker:lowtable'
[INITIALIZATION][CLIENT][INFO] Queued item entry '5' for addition to pool 'low' of table 'loottweaker:lowtable'
[INITIALIZATION][CLIENT][INFO] Queued item entry '6' for addition to pool 'low' of table 'loottweaker:lowtable'
[INITIALIZATION][CLIENT][INFO] Queued item entry '7' for addition to pool 'low' of table 'loottweaker:lowtable'
[INITIALIZATION][CLIENT][INFO] Queued item entry '8' for addition to pool 'low' of table 'loottweaker:lowtable'
[INITIALIZATION][CLIENT][INFO] Queued item entry '9' for addition to pool 'low' of table 'loottweaker:lowtable'
[INITIALIZATION][CLIENT][INFO] Queued item entry '10' for addition to pool 'low' of table 'loottweaker:lowtable'
[INITIALIZATION][CLIENT][INFO] Queued item entry '11' for addition to pool 'low' of table 'loottweaker:lowtable'
[INITIALIZATION][CLIENT][INFO] Queued item entry '12' for addition to pool 'low' of table 'loottweaker:lowtable'
[INITIALIZATION][CLIENT][INFO] Queued item entry '1' for addition to pool 'medium' of table 'loottweaker:medtable'
[INITIALIZATION][CLIENT][INFO] Queued item entry '1bi' for addition to pool 'medium' of table 'loottweaker:medtable'
[INITIALIZATION][CLIENT][INFO] Queued item entry '1bd' for addition to pool 'medium' of table 'loottweaker:medtable'
[INITIALIZATION][CLIENT][INFO] Queued item entry '2' for addition to pool 'medium' of table 'loottweaker:medtable'
[INITIALIZATION][CLIENT][INFO] Queued item entry '2ia' for addition to pool 'medium' of table 'loottweaker:medtable'
[INITIALIZATION][CLIENT][INFO] Queued item entry '2da' for addition to pool 'medium' of table 'loottweaker:medtable'
[INITIALIZATION][CLIENT][INFO] Queued item entry '3' for addition to pool 'medium' of table 'loottweaker:medtable'
[INITIALIZATION][CLIENT][INFO] Queued item entry '4' for addition to pool 'medium' of table 'loottweaker:medtable'
[INITIALIZATION][CLIENT][INFO] Queued item entry '5' for addition to pool 'medium' of table 'loottweaker:medtable'
[INITIALIZATION][CLIENT][INFO] Queued item entry '6' for addition to pool 'medium' of table 'loottweaker:medtable'
[INITIALIZATION][CLIENT][INFO] Queued item entry '7' for addition to pool 'medium' of table 'loottweaker:medtable'
[INITIALIZATION][CLIENT][INFO] Queued item entry '8' for addition to pool 'medium' of table 'loottweaker:medtable'
[INITIALIZATION][CLIENT][INFO] Queued item entry '9' for addition to pool 'medium' of table 'loottweaker:medtable'
[INITIALIZATION][CLIENT][INFO] Queued item entry '10' for addition to pool 'medium' of table 'loottweaker:medtable'
[INITIALIZATION][CLIENT][INFO] Queued item entry '11' for addition to pool 'medium' of table 'loottweaker:medtable'
[INITIALIZATION][CLIENT][INFO] Queued item entry '1' for addition to pool 'high' of table 'loottweaker:hightable'
[INITIALIZATION][CLIENT][INFO] Queued item entry '2' for addition to pool 'high' of table 'loottweaker:hightable'
[INITIALIZATION][CLIENT][INFO] Queued item entry '3' for addition to pool 'high' of table 'loottweaker:hightable'
[INITIALIZATION][CLIENT][INFO] Queued item entry '4' for addition to pool 'high' of table 'loottweaker:hightable'
[INITIALIZATION][CLIENT][INFO] Queued item entry '5' for addition to pool 'high' of table 'loottweaker:hightable'
[INITIALIZATION][CLIENT][INFO] Queued item entry '6' for addition to pool 'high' of table 'loottweaker:hightable'
[INITIALIZATION][CLIENT][INFO] Queued item entry '7' for addition to pool 'high' of table 'loottweaker:hightable'
[INITIALIZATION][CLIENT][INFO] Queued item entry '8' for addition to pool 'high' of table 'loottweaker:hightable'
[INITIALIZATION][CLIENT][INFO] Queued item entry '9' for addition to pool 'high' of table 'loottweaker:hightable'
[INITIALIZATION][CLIENT][INFO] Queued item entry '10' for addition to pool 'high' of table 'loottweaker:hightable'
[INITIALIZATION][CLIENT][INFO] Queued item entry '11' for addition to pool 'high' of table 'loottweaker:hightable'
[INITIALIZATION][CLIENT][INFO] Queued item entry '12' for addition to pool 'high' of table 'loottweaker:hightable'
[INITIALIZATION][CLIENT][INFO] Queued item entry '1' for addition to pool 'builder' of table 'loottweaker:buildertable'
[INITIALIZATION][CLIENT][INFO] Queued item entry '2' for addition to pool 'builder' of table 'loottweaker:buildertable'
[INITIALIZATION][CLIENT][INFO] Queued item entry '3' for addition to pool 'builder' of table 'loottweaker:buildertable'
[INITIALIZATION][CLIENT][INFO] Queued item entry '4' for addition to pool 'builder' of table 'loottweaker:buildertable'
[INITIALIZATION][CLIENT][INFO] Queued item entry '5' for addition to pool 'builder' of table 'loottweaker:buildertable'
[INITIALIZATION][CLIENT][INFO] Queued item entry '6' for addition to pool 'builder' of table 'loottweaker:buildertable'
[INITIALIZATION][CLIENT][INFO] Queued item entry '7' for addition to pool 'builder' of table 'loottweaker:buildertable'
[INITIALIZATION][CLIENT][INFO] Queued item entry '8' for addition to pool 'builder' of table 'loottweaker:buildertable'
[INITIALIZATION][CLIENT][INFO] Queued item entry '9' for addition to pool 'builder' of table 'loottweaker:buildertable'
[INITIALIZATION][CLIENT][INFO] Queued item entry '10' for addition to pool 'builder' of table 'loottweaker:buildertable'
[INITIALIZATION][CLIENT][INFO] Queued item entry 'elf_ring' for addition to pool 'highrise' of table 'loottweaker:lostcityhighrise'
[INITIALIZATION][CLIENT][INFO] Queued loot table entry 'loottweaker#1' for addition to pool 'highrise' of table 'loottweaker:lostcityhighrise'
[INITIALIZATION][CLIENT][INFO] Queued loot table entry 'loottweaker#2' for addition to pool 'highrise' of table 'loottweaker:lostcityhighrise'
[INITIALIZATION][CLIENT][INFO] Queued item entry 'elf_ring' for addition to pool 'ground' of table 'loottweaker:lostcityground'
[INITIALIZATION][CLIENT][INFO] Queued loot table entry 'loottweaker#1' for addition to pool 'ground' of table 'loottweaker:lostcityground'
[INITIALIZATION][CLIENT][INFO] Queued loot table entry 'loottweaker#2' for addition to pool 'ground' of table 'loottweaker:lostcityground'
[INITIALIZATION][CLIENT][INFO] Queued loot table entry 'loottweaker#3' for addition to pool 'ground' of table 'loottweaker:lostcityground'
[INITIALIZATION][CLIENT][INFO] Queued loot table entry 'loottweaker#4' for addition to pool 'ground' of table 'loottweaker:lostcityground'
[INITIALIZATION][CLIENT][INFO] Queued item entry 'dwarf_ring' for addition to pool 'basement' of table 'loottweaker:lostcitybasement'
[INITIALIZATION][CLIENT][INFO] Queued loot table entry 'loottweaker#1' for addition to pool 'basement' of table 'loottweaker:lostcitybasement'
[INITIALIZATION][CLIENT][INFO] Queued loot table entry 'loottweaker#2' for addition to pool 'basement' of table 'loottweaker:lostcitybasement'
[INITIALIZATION][CLIENT][INFO] Queued loot table entry 'loottweaker#3' for addition to pool 'basement' of table 'loottweaker:lostcitybasement'
[INITIALIZATION][CLIENT][INFO] Queued item entry 'goblin_ring' for addition to pool 'subway' of table 'loottweaker:lostcitysubway'
[INITIALIZATION][CLIENT][INFO] Queued loot table entry 'loottweaker#1' for addition to pool 'subway' of table 'loottweaker:lostcitysubway'
[INITIALIZATION][CLIENT][INFO] Queued loot table entry 'loottweaker#2' for addition to pool 'subway' of table 'loottweaker:lostcitysubway'
[INITIALIZATION][CLIENT][INFO] Queued loot table entry 'loottweaker#3' for addition to pool 'subway' of table 'loottweaker:lostcitysubway'
[INITIALIZATION][CLIENT][INFO] Queued item entry 'dragon_ring' for addition to pool 'rare' of table 'loottweaker:lostcityrare'
[INITIALIZATION][CLIENT][INFO] Queued loot table entry 'loottweaker#1' for addition to pool 'rare' of table 'loottweaker:lostcityrare'
[INITIALIZATION][CLIENT][INFO] Queued loot table entry 'loottweaker#2' for addition to pool 'rare' of table 'loottweaker:lostcityrare'
[INITIALIZATION][CLIENT][INFO] Queued loot table entry 'loottweaker#3' for addition to pool 'rare' of table 'loottweaker:lostcityrare'
[INITIALIZATION][CLIENT][INFO] Queued item entry 'titan_ring' for addition to pool 'rare' of table 'loottweaker:lostcityrare'
[INITIALIZATION][CLIENT][INFO] Queued item entry 'faelis_ring' for addition to pool 'rare' of table 'loottweaker:lostcityrare'
[INITIALIZATION][CLIENT][INFO] Queued item entry 'fairy_ring' for addition to pool 'rare' of table 'loottweaker:lostcityrare'
[INITIALIZATION][CLIENT][INFO] Queued item entry 'dwarf_ring' for addition to pool 'uncommon' of table 'loottweaker:lostcityuncommon'
[INITIALIZATION][CLIENT][INFO] Queued loot table entry 'loottweaker#1' for addition to pool 'uncommon' of table 'loottweaker:lostcityuncommon'
[INITIALIZATION][CLIENT][INFO] Queued loot table entry 'loottweaker#2' for addition to pool 'uncommon' of table 'loottweaker:lostcityuncommon'
[INITIALIZATION][CLIENT][INFO] Queued loot table entry 'loottweaker#3' for addition to pool 'uncommon' of table 'loottweaker:lostcityuncommon'
[INITIALIZATION][CLIENT][INFO] Queued item entry 'goblin_ring' for addition to pool 'common' of table 'loottweaker:lostcitycommon'
[INITIALIZATION][CLIENT][INFO] Queued loot table entry 'loottweaker#1' for addition to pool 'common' of table 'loottweaker:lostcitycommon'
[INITIALIZATION][CLIENT][INFO] Queued loot table entry 'loottweaker#2' for addition to pool 'common' of table 'loottweaker:lostcitycommon'
[INITIALIZATION][CLIENT][INFO] Queued loot table entry 'loottweaker#3' for addition to pool 'common' of table 'loottweaker:lostcitycommon'
[INITIALIZATION][CLIENT][INFO] Queued loot table entry 'loottweaker#4' for addition to pool 'common' of table 'loottweaker:lostcitycommon'
[INITIALIZATION][CLIENT][INFO] Queued loot table entry 'loottweaker#5' for addition to pool 'common' of table 'loottweaker:lostcitycommon'
[INITIALIZATION][CLIENT][INFO] Queued loot table entry 'loottweaker#6' for addition to pool 'common' of table 'loottweaker:lostcitycommon'
[INITIALIZATION][CLIENT][INFO] [crafttweaker | SIDE_CLIENT]: Loading Script: {[0:crafttweaker]: LootTweaker_SAmulet.zs}
[INITIALIZATION][CLIENT][INFO] Queued all pools of table artifacts:sacrificial_reward for removal
[INITIALIZATION][CLIENT][INFO] Queued pool brah for addition to table artifacts:sacrificial_reward
[INITIALIZATION][CLIENT][INFO] Queued item entry 'yeploot' for addition to pool 'brah' of table 'artifacts:sacrificial_reward'
[INITIALIZATION][CLIENT][INFO] [crafttweaker | SIDE_CLIENT]: Skipping file {[0:contenttweaker]: MusicDiscs.zs} as we are currently loading with a different loader
[INITIALIZATION][CLIENT][INFO] [crafttweaker | SIDE_CLIENT]: Loading Script: {[0:crafttweaker]: reskillable_client.zs}
[INITIALIZATION][CLIENT][ERROR] reskillable_client.zs:31 > could not find type String
[INITIALIZATION][CLIENT][ERROR] [crafttweaker | SIDE_CLIENT]: Error parsing reskillable_client.zs:32 -- ; expected
[INITIALIZATION][CLIENT][INFO] [crafttweaker | SIDE_CLIENT]: Loading Script: {[0:crafttweaker]: reskillable_server.zs}
[INITIALIZATION][CLIENT][ERROR] reskillable_server.zs:70 > could not find type String
[INITIALIZATION][CLIENT][ERROR] reskillable_server.zs:70 > could not find type String
[INITIALIZATION][CLIENT][ERROR] [crafttweaker | SIDE_CLIENT]: Error parsing reskillable_server.zs:74 -- identifier expected
[INITIALIZATION][CLIENT][INFO] [crafttweaker | SIDE_CLIENT]: Loading Script: {[0:crafttweaker]: Shiv.zs}
[INITIALIZATION][CLIENT][INFO] [crafttweaker | SIDE_CLIENT]: Loading Script: {[0:crafttweaker]: Shiv2.zs}
[INITIALIZATION][CLIENT][INFO] [crafttweaker | SIDE_CLIENT]: Skipping file {[0:contenttweaker]: why.zs} as we are currently loading with a different loader
[INITIALIZATION][CLIENT][INFO] Completed script loading in: 116ms
[POSTINITIALIZATION][CLIENT][INFO] Removing recipes for various outputs
[SERVER_ABOUT_TO_START][SERVER][INFO] Added new pool rlcraftfishing to table fishingmadebetter:fishing_combined
[SERVER_ABOUT_TO_START][SERVER][INFO] Added new pool tier#5 to table champions:champion_loot
[SERVER_ABOUT_TO_START][SERVER][INFO] Added new pool ground to table loottweaker:lostcityground
[SERVER_ABOUT_TO_START][SERVER][INFO] Added new pool low to table loottweaker:lowtable
[SERVER_ABOUT_TO_START][SERVER][INFO] Added new pool medium to table loottweaker:medtable
[SERVER_ABOUT_TO_START][SERVER][INFO] Added new pool high to table loottweaker:hightable
[SERVER_ABOUT_TO_START][SERVER][INFO] Added new pool highrise to table loottweaker:lostcityhighrise
[SERVER_ABOUT_TO_START][SERVER][INFO] Added new pool rare to table loottweaker:lostcityrare
[SERVER_ABOUT_TO_START][SERVER][INFO] Added new pool subway to table loottweaker:lostcitysubway
[SERVER_ABOUT_TO_START][SERVER][INFO] Added new pool uncommon to table loottweaker:lostcityuncommon
[SERVER_ABOUT_TO_START][SERVER][INFO] Added new pool builder to table loottweaker:buildertable
[SERVER_ABOUT_TO_START][SERVER][INFO] Added new pool basement to table loottweaker:lostcitybasement
[SERVER_ABOUT_TO_START][SERVER][INFO] Added new pool common to table loottweaker:lostcitycommon
